p/objeto_129.jpg 1 0 0 38 46
p/objeto_128.jpg 1 0 0 38 46
p/objeto_127.jpg 1 0 0 38 46
p/objeto_126.jpg 1 0 0 38 46
p/objeto_125.jpg 1 0 0 38 46
p/objeto_124.jpg 1 0 0 38 46
p/objeto_123.jpg 1 0 0 38 46
p/objeto_122.jpg 1 0 0 38 46
p/objeto_121.jpg 1 0 0 38 46
p/objeto_120.jpg 1 0 0 38 46
p/objeto_119.jpg 1 0 0 38 46
p/objeto_118.jpg 1 0 0 38 46
p/objeto_117.jpg 1 0 0 38 46
p/objeto_116.jpg 1 0 0 38 46
p/objeto_115.jpg 1 0 0 38 46
p/objeto_114.jpg 1 0 0 38 46
p/objeto_113.jpg 1 0 0 38 46
p/objeto_112.jpg 1 0 0 38 46
p/objeto_111.jpg 1 0 0 38 46
p/objeto_110.jpg 1 0 0 38 46
p/objeto_109.jpg 1 0 0 38 46
p/objeto_108.jpg 1 0 0 38 46
p/objeto_107.jpg 1 0 0 38 46
p/objeto_106.jpg 1 0 0 38 46
p/objeto_105.jpg 1 0 0 38 46
p/objeto_104.jpg 1 0 0 38 46
p/objeto_103.jpg 1 0 0 38 46
p/objeto_102.jpg 1 0 0 38 46
p/objeto_101.jpg 1 0 0 38 46
p/objeto_100.jpg 1 0 0 38 46
p/objeto_99.jpg 1 0 0 38 46
p/objeto_98.jpg 1 0 0 38 46
p/objeto_97.jpg 1 0 0 38 46
p/objeto_96.jpg 1 0 0 38 46
p/objeto_95.jpg 1 0 0 38 46
p/objeto_94.jpg 1 0 0 38 46
p/objeto_93.jpg 1 0 0 38 46
p/objeto_92.jpg 1 0 0 38 46
p/objeto_91.jpg 1 0 0 38 46
p/objeto_90.jpg 1 0 0 38 46
p/objeto_89.jpg 1 0 0 38 46
p/objeto_88.jpg 1 0 0 38 46
p/objeto_87.jpg 1 0 0 38 46
p/objeto_86.jpg 1 0 0 38 46
p/objeto_85.jpg 1 0 0 38 46
p/objeto_84.jpg 1 0 0 38 46
p/objeto_83.jpg 1 0 0 38 46
p/objeto_82.jpg 1 0 0 38 46
p/objeto_81.jpg 1 0 0 38 46
p/objeto_80.jpg 1 0 0 38 46
p/objeto_79.jpg 1 0 0 38 46
p/objeto_78.jpg 1 0 0 38 46
p/objeto_77.jpg 1 0 0 38 46
p/objeto_76.jpg 1 0 0 38 46
p/objeto_75.jpg 1 0 0 38 46
p/objeto_74.jpg 1 0 0 38 46
p/objeto_73.jpg 1 0 0 38 46
p/objeto_72.jpg 1 0 0 38 46
p/objeto_71.jpg 1 0 0 38 46
p/objeto_70.jpg 1 0 0 38 46
p/objeto_69.jpg 1 0 0 38 46
p/objeto_68.jpg 1 0 0 38 46
p/objeto_67.jpg 1 0 0 38 46
p/objeto_66.jpg 1 0 0 38 46
p/objeto_65.jpg 1 0 0 38 46
p/objeto_64.jpg 1 0 0 38 46
p/objeto_63.jpg 1 0 0 38 46
p/objeto_62.jpg 1 0 0 38 46
p/objeto_61.jpg 1 0 0 38 46
p/objeto_60.jpg 1 0 0 38 46
p/objeto_59.jpg 1 0 0 38 46
p/objeto_58.jpg 1 0 0 38 46
p/objeto_57.jpg 1 0 0 38 46
p/objeto_56.jpg 1 0 0 38 46
p/objeto_55.jpg 1 0 0 38 46